<?xml version="1.0" encoding="UTF-8"?>
<coverage generated="1437344072">
  <project timestamp="1437344072">
    <package name="PHPTools\PHPCurlClient\Core">
      <file name="/var/www/html/lib/php/curl-php/src/PHPCurlClient/Core/PHPCurlClientFactory.php">
        <class name="PHPCurlClientFactory" namespace="PHPTools\PHPCurlClient\Core">
          <metrics methods="16" coveredmethods="6" conditionals="0" coveredconditionals="0" statements="92" coveredstatements="52" elements="108" coveredelements="58"/>
        </class>
        <line num="76" type="method" name="__construct" crap="2.00" count="1"/>
        <line num="78" type="stmt" count="1"/>
        <line num="79" type="stmt" count="1"/>
        <line num="80" type="stmt" count="0"/>
        <line num="83" type="stmt" count="1"/>
        <line num="84" type="stmt" count="1"/>
        <line num="86" type="stmt" count="1"/>
        <line num="87" type="stmt" count="1"/>
        <line num="88" type="stmt" count="1"/>
        <line num="89" type="stmt" count="1"/>
        <line num="90" type="stmt" count="1"/>
        <line num="92" type="method" name="__destruct" crap="2" count="1"/>
        <line num="94" type="stmt" count="1"/>
        <line num="95" type="stmt" count="1"/>
        <line num="96" type="stmt" count="1"/>
        <line num="97" type="stmt" count="1"/>
        <line num="98" type="stmt" count="1"/>
        <line num="106" type="method" name="setOpt" crap="3.33" count="1"/>
        <line num="109" type="stmt" count="1"/>
        <line num="110" type="stmt" count="1"/>
        <line num="111" type="stmt" count="1"/>
        <line num="112" type="stmt" count="0"/>
        <line num="114" type="stmt" count="0"/>
        <line num="115" type="stmt" count="0"/>
        <line num="118" type="stmt" count="1"/>
        <line num="120" type="stmt" count="1"/>
        <line num="122" type="stmt" count="1"/>
        <line num="130" type="method" name="getOpt" crap="6" count="0"/>
        <line num="132" type="stmt" count="0"/>
        <line num="140" type="method" name="addHeader" crap="6" count="0"/>
        <line num="142" type="stmt" count="0"/>
        <line num="143" type="stmt" count="0"/>
        <line num="144" type="stmt" count="0"/>
        <line num="146" type="stmt" count="0"/>
        <line num="147" type="stmt" count="0"/>
        <line num="148" type="stmt" count="0"/>
        <line num="156" type="method" name="removeHeader" crap="2" count="1"/>
        <line num="158" type="stmt" count="1"/>
        <line num="159" type="stmt" count="1"/>
        <line num="160" type="stmt" count="1"/>
        <line num="162" type="stmt" count="1"/>
        <line num="163" type="stmt" count="1"/>
        <line num="164" type="stmt" count="1"/>
        <line num="173" type="method" name="setBasicAuth" crap="12" count="0"/>
        <line num="175" type="stmt" count="0"/>
        <line num="176" type="stmt" count="0"/>
        <line num="177" type="stmt" count="0"/>
        <line num="178" type="stmt" count="0"/>
        <line num="179" type="stmt" count="0"/>
        <line num="180" type="stmt" count="0"/>
        <line num="188" type="method" name="setReferrer" crap="6" count="0"/>
        <line num="190" type="stmt" count="0"/>
        <line num="191" type="stmt" count="0"/>
        <line num="192" type="stmt" count="0"/>
        <line num="193" type="stmt" count="0"/>
        <line num="194" type="stmt" count="0"/>
        <line num="203" type="method" name="setCookie" crap="12" count="0"/>
        <line num="205" type="stmt" count="0"/>
        <line num="206" type="stmt" count="0"/>
        <line num="207" type="stmt" count="0"/>
        <line num="208" type="stmt" count="0"/>
        <line num="209" type="stmt" count="0"/>
        <line num="210" type="stmt" count="0"/>
        <line num="218" type="method" name="setCookieFile" crap="12" count="0"/>
        <line num="220" type="stmt" count="0"/>
        <line num="221" type="stmt" count="0"/>
        <line num="222" type="stmt" count="0"/>
        <line num="223" type="stmt" count="0"/>
        <line num="224" type="stmt" count="0"/>
        <line num="232" type="method" name="setCookieJar" crap="12" count="0"/>
        <line num="234" type="stmt" count="0"/>
        <line num="235" type="stmt" count="0"/>
        <line num="236" type="stmt" count="0"/>
        <line num="237" type="stmt" count="0"/>
        <line num="238" type="stmt" count="0"/>
        <line num="246" type="method" name="setUserAgent" crap="1" count="1"/>
        <line num="249" type="stmt" count="1"/>
        <line num="251" type="stmt" count="1"/>
        <line num="258" type="method" name="setDefaultUserAgent" crap="1" count="1"/>
        <line num="260" type="stmt" count="1"/>
        <line num="261" type="stmt" count="1"/>
        <line num="262" type="stmt" count="1"/>
        <line num="263" type="stmt" count="1"/>
        <line num="264" type="stmt" count="1"/>
        <line num="265" type="stmt" count="1"/>
        <line num="273" type="method" name="is_array_assoc" crap="1" count="1"/>
        <line num="275" type="stmt" count="1"/>
        <line num="282" type="method" name="exec" crap="3.01" count="1"/>
        <line num="284" type="stmt" count="1"/>
        <line num="286" type="stmt" count="1"/>
        <line num="288" type="stmt" count="1"/>
        <line num="289" type="stmt" count="1"/>
        <line num="290" type="stmt" count="1"/>
        <line num="292" type="stmt" count="1"/>
        <line num="293" type="stmt" count="1"/>
        <line num="294" type="stmt" count="0"/>
        <line num="295" type="stmt" count="0"/>
        <line num="296" type="stmt" count="1"/>
        <line num="297" type="stmt" count="1"/>
        <line num="299" type="stmt" count="1"/>
        <line num="301" type="stmt" count="1"/>
        <line num="302" type="stmt" count="1"/>
        <line num="303" type="stmt" count="1"/>
        <line num="304" type="stmt" count="1"/>
        <line num="305" type="stmt" count="1"/>
        <line num="306" type="stmt" count="1"/>
        <line num="309" type="method" name="getInfo" crap="1" count="1"/>
        <line num="311" type="stmt" count="1"/>
        <metrics loc="312" ncloc="201" classes="1" methods="16" coveredmethods="6" conditionals="0" coveredconditionals="0" statements="92" coveredstatements="52" elements="108" coveredelements="58"/>
      </file>
      <file name="/var/www/html/lib/php/curl-php/src/PHPCurlClient/Core/PHPCurlClientHeader.php">
        <class name="PHPCurlClientHeader" namespace="PHPTools\PHPCurlClient\Core">
          <metrics methods="5" coveredmethods="3" conditionals="0" coveredconditionals="0" statements="41" coveredstatements="36" elements="46" coveredelements="39"/>
        </class>
        <line num="34" type="method" name="parseHeaders" crap="2" count="0"/>
        <line num="36" type="stmt" count="0"/>
        <line num="38" type="stmt" count="0"/>
        <line num="40" type="stmt" count="0"/>
        <line num="45" type="method" name="extractHeaders" crap="2" count="1"/>
        <line num="48" type="stmt" count="1"/>
        <line num="50" type="stmt" count="1"/>
        <line num="51" type="stmt" count="1"/>
        <line num="52" type="stmt" count="1"/>
        <line num="53" type="stmt" count="1"/>
        <line num="54" type="stmt" count="1"/>
        <line num="60" type="method" name="extractRequestHeaders" crap="1" count="1"/>
        <line num="62" type="stmt" count="1"/>
        <line num="63" type="stmt" count="1"/>
        <line num="64" type="stmt" count="1"/>
        <line num="65" type="stmt" count="1"/>
        <line num="67" type="stmt" count="1"/>
        <line num="68" type="stmt" count="1"/>
        <line num="75" type="method" name="extractResponseHeaders" crap="1" count="1"/>
        <line num="77" type="stmt" count="1"/>
        <line num="78" type="stmt" count="1"/>
        <line num="79" type="stmt" count="1"/>
        <line num="80" type="stmt" count="1"/>
        <line num="82" type="stmt" count="1"/>
        <line num="83" type="stmt" count="1"/>
        <line num="92" type="method" name="parserExtractHeaders" crap="6.04" count="1"/>
        <line num="95" type="stmt" count="1"/>
        <line num="97" type="stmt" count="1"/>
        <line num="99" type="stmt" count="1"/>
        <line num="101" type="stmt" count="1"/>
        <line num="103" type="stmt" count="1"/>
        <line num="105" type="stmt" count="1"/>
        <line num="106" type="stmt" count="1"/>
        <line num="107" type="stmt" count="0"/>
        <line num="109" type="stmt" count="0"/>
        <line num="110" type="stmt" count="1"/>
        <line num="112" type="stmt" count="1"/>
        <line num="113" type="stmt" count="1"/>
        <line num="116" type="stmt" count="1"/>
        <line num="118" type="stmt" count="1"/>
        <line num="120" type="stmt" count="1"/>
        <line num="121" type="stmt" count="1"/>
        <line num="122" type="stmt" count="1"/>
        <line num="124" type="stmt" count="1"/>
        <line num="125" type="stmt" count="1"/>
        <line num="127" type="stmt" count="1"/>
        <metrics loc="128" ncloc="91" classes="1" methods="5" coveredmethods="3" conditionals="0" coveredconditionals="0" statements="41" coveredstatements="36" elements="46" coveredelements="39"/>
      </file>
    </package>
    <package name="PHPTools\PHPCurlClient">
      <file name="/var/www/html/lib/php/curl-php/src/PHPCurlClient/PHPCurlClient.php">
        <class name="PHPCurlClient" namespace="PHPTools\PHPCurlClient">
          <metrics methods="7" coveredmethods="1" conditionals="0" coveredconditionals="0" statements="7" coveredstatements="1" elements="14" coveredelements="2"/>
        </class>
        <line num="23" type="method" name="get" crap="1" count="1"/>
        <line num="25" type="stmt" count="1"/>
        <line num="34" type="method" name="post" crap="2" count="0"/>
        <line num="36" type="stmt" count="0"/>
        <line num="45" type="method" name="put" crap="2" count="0"/>
        <line num="47" type="stmt" count="0"/>
        <line num="56" type="method" name="delete" crap="2" count="0"/>
        <line num="58" type="stmt" count="0"/>
        <line num="67" type="method" name="head" crap="2" count="0"/>
        <line num="69" type="stmt" count="0"/>
        <line num="78" type="method" name="options" crap="2" count="0"/>
        <line num="80" type="stmt" count="0"/>
        <line num="89" type="method" name="trace" crap="2" count="0"/>
        <line num="91" type="stmt" count="0"/>
        <metrics loc="92" ncloc="40" classes="1" methods="7" coveredmethods="1" conditionals="0" coveredconditionals="0" statements="7" coveredstatements="1" elements="14" coveredelements="2"/>
      </file>
    </package>
    <package name="PHPTools\PHPCurlClient\Request">
      <file name="/var/www/html/lib/php/curl-php/src/PHPCurlClient/Request/PHPCurlClientRequest.php">
        <class name="PHPCurlClientRequest" namespace="PHPTools\PHPCurlClient\Request">
          <metrics methods="6" coveredmethods="5" conditionals="0" coveredconditionals="0" statements="40" coveredstatements="36" elements="46" coveredelements="41"/>
        </class>
        <line num="64" type="method" name="setMethod" crap="2" count="1"/>
        <line num="66" type="stmt" count="1"/>
        <line num="68" type="stmt" count="1"/>
        <line num="70" type="stmt" count="1"/>
        <line num="78" type="method" name="setUrl" crap="2" count="1"/>
        <line num="80" type="stmt" count="1"/>
        <line num="82" type="stmt" count="1"/>
        <line num="90" type="method" name="send" crap="2" count="1"/>
        <line num="92" type="stmt" count="1"/>
        <line num="94" type="stmt" count="1"/>
        <line num="101" type="method" name="buildParams" crap="1" count="1"/>
        <line num="103" type="stmt" count="1"/>
        <line num="104" type="stmt" count="1"/>
        <line num="111" type="method" name="buildUrl" crap="5.23" count="1"/>
        <line num="113" type="stmt" count="1"/>
        <line num="114" type="stmt" count="1"/>
        <line num="115" type="stmt" count="1"/>
        <line num="116" type="stmt" count="1"/>
        <line num="117" type="stmt" count="1"/>
        <line num="118" type="stmt" count="1"/>
        <line num="121" type="stmt" count="0"/>
        <line num="122" type="stmt" count="0"/>
        <line num="125" type="stmt" count="1"/>
        <line num="126" type="stmt" count="1"/>
        <line num="127" type="stmt" count="1"/>
        <line num="128" type="stmt" count="1"/>
        <line num="130" type="stmt" count="1"/>
        <line num="131" type="stmt" count="1"/>
        <line num="132" type="stmt" count="0"/>
        <line num="133" type="stmt" count="0"/>
        <line num="135" type="stmt" count="1"/>
        <line num="137" type="stmt" count="1"/>
        <line num="139" type="stmt" count="1"/>
        <line num="142" type="method" name="http_build_url" crap="11" count="1"/>
        <line num="144" type="stmt" count="1"/>
        <line num="145" type="stmt" count="1"/>
        <line num="147" type="stmt" count="1"/>
        <line num="148" type="stmt" count="1"/>
        <line num="149" type="stmt" count="1"/>
        <line num="150" type="stmt" count="1"/>
        <line num="151" type="stmt" count="1"/>
        <line num="152" type="stmt" count="1"/>
        <line num="153" type="stmt" count="1"/>
        <line num="154" type="stmt" count="1"/>
        <line num="155" type="stmt" count="1"/>
        <line num="156" type="stmt" count="1"/>
        <metrics loc="202" ncloc="83" classes="1" methods="6" coveredmethods="5" conditionals="0" coveredconditionals="0" statements="40" coveredstatements="36" elements="46" coveredelements="41"/>
      </file>
    </package>
    <package name="PHPTools\PHPCurlClient\Response">
      <file name="/var/www/html/lib/php/curl-php/src/PHPCurlClient/Response/PHPCurlClientError.php">
        <class name="PHPCurlClientError" namespace="PHPTools\PHPCurlClient\Response">
          <metrics methods="1" coveredmethods="0" conditionals="0" coveredconditionals="0" statements="18" coveredstatements="7" elements="19" coveredelements="7"/>
        </class>
        <line num="35" type="method" name="__construct" crap="7.65" count="1"/>
        <line num="37" type="stmt" count="1"/>
        <line num="39" type="stmt" count="1"/>
        <line num="41" type="stmt" count="1"/>
        <line num="42" type="stmt" count="1"/>
        <line num="43" type="stmt" count="0"/>
        <line num="45" type="stmt" count="0"/>
        <line num="47" type="stmt" count="0"/>
        <line num="48" type="stmt" count="0"/>
        <line num="49" type="stmt" count="1"/>
        <line num="50" type="stmt" count="1"/>
        <line num="51" type="stmt" count="0"/>
        <line num="53" type="stmt" count="0"/>
        <line num="55" type="stmt" count="0"/>
        <line num="56" type="stmt" count="0"/>
        <line num="57" type="stmt" count="0"/>
        <line num="58" type="stmt" count="0"/>
        <line num="59" type="stmt" count="0"/>
        <line num="60" type="stmt" count="1"/>
        <metrics loc="60" ncloc="38" classes="1" methods="1" coveredmethods="0" conditionals="0" coveredconditionals="0" statements="18" coveredstatements="7" elements="19" coveredelements="7"/>
      </file>
      <file name="/var/www/html/lib/php/curl-php/src/PHPCurlClient/Response/PHPCurlClientResponse.php">
        <class name="PHPCurlClientResponse" namespace="PHPTools\PHPCurlClient\Response">
          <metrics methods="4" coveredmethods="2" conditionals="0" coveredconditionals="0" statements="24" coveredstatements="16" elements="28" coveredelements="18"/>
        </class>
        <line num="66" type="method" name="__construct" crap="1" count="1"/>
        <line num="68" type="stmt" count="1"/>
        <line num="69" type="stmt" count="1"/>
        <line num="70" type="stmt" count="1"/>
        <line num="72" type="stmt" count="1"/>
        <line num="74" type="stmt" count="1"/>
        <line num="75" type="stmt" count="1"/>
        <line num="81" type="method" name="parserBody" crap="4.25" count="1"/>
        <line num="83" type="stmt" count="1"/>
        <line num="84" type="stmt" count="1"/>
        <line num="85" type="stmt" count="1"/>
        <line num="87" type="stmt" count="1"/>
        <line num="88" type="stmt" count="1"/>
        <line num="89" type="stmt" count="1"/>
        <line num="90" type="stmt" count="1"/>
        <line num="91" type="stmt" count="0"/>
        <line num="93" type="stmt" count="0"/>
        <line num="94" type="stmt" count="0"/>
        <line num="95" type="stmt" count="1"/>
        <line num="96" type="stmt" count="1"/>
        <line num="103" type="method" name="esJSON" crap="1" count="1"/>
        <line num="105" type="stmt" count="1"/>
        <line num="113" type="method" name="esXML" crap="20" count="0"/>
        <line num="115" type="stmt" count="0"/>
        <line num="116" type="stmt" count="0"/>
        <line num="117" type="stmt" count="0"/>
        <line num="118" type="stmt" count="0"/>
        <line num="119" type="stmt" count="0"/>
        <metrics loc="120" ncloc="65" classes="1" methods="4" coveredmethods="2" conditionals="0" coveredconditionals="0" statements="24" coveredstatements="16" elements="28" coveredelements="18"/>
      </file>
    </package>
    <package name="PHPTools\PHPErrorLog">
      <file name="/var/www/html/lib/php/curl-php/vendor/elmijo/php-error-log/src/PHPErrorLog/PHPErrorLog.php">
        <class name="PHPErrorLog" namespace="PHPTools\PHPErrorLog">
          <metrics methods="10" coveredmethods="0" conditionals="0" coveredconditionals="0" statements="63" coveredstatements="0" elements="73" coveredelements="0"/>
        </class>
        <line num="4" type="stmt" count="1"/>
        <line num="5" type="stmt" count="1"/>
        <line num="6" type="stmt" count="1"/>
        <line num="7" type="stmt" count="1"/>
        <line num="8" type="stmt" count="1"/>
        <line num="9" type="stmt" count="1"/>
        <line num="10" type="stmt" count="1"/>
        <line num="11" type="stmt" count="1"/>
        <line num="44" type="method" name="write" crap="20" count="0"/>
        <line num="46" type="stmt" count="0"/>
        <line num="48" type="stmt" count="0"/>
        <line num="50" type="stmt" count="0"/>
        <line num="52" type="stmt" count="0"/>
        <line num="54" type="stmt" count="0"/>
        <line num="55" type="stmt" count="0"/>
        <line num="56" type="stmt" count="0"/>
        <line num="58" type="stmt" count="0"/>
        <line num="59" type="stmt" count="0"/>
        <line num="60" type="stmt" count="0"/>
        <line num="61" type="stmt" count="0"/>
        <line num="62" type="stmt" count="0"/>
        <line num="63" type="stmt" count="0"/>
        <line num="64" type="stmt" count="0"/>
        <line num="65" type="stmt" count="0"/>
        <line num="68" type="stmt" count="0"/>
        <line num="69" type="stmt" count="0"/>
        <line num="72" type="stmt" count="0"/>
        <line num="75" type="stmt" count="0"/>
        <line num="77" type="stmt" count="0"/>
        <line num="85" type="method" name="validaEmails" crap="6" count="0"/>
        <line num="87" type="stmt" count="0"/>
        <line num="88" type="stmt" count="0"/>
        <line num="89" type="stmt" count="0"/>
        <line num="90" type="stmt" count="0"/>
        <line num="91" type="method" name="anonymous function" crap="6" count="0"/>
        <line num="92" type="stmt" count="0"/>
        <line num="93" type="stmt" count="0"/>
        <line num="94" type="stmt" count="0"/>
        <line num="95" type="stmt" count="0"/>
        <line num="96" type="stmt" count="0"/>
        <line num="97" type="stmt" count="0"/>
        <line num="98" type="stmt" count="0"/>
        <line num="99" type="stmt" count="0"/>
        <line num="100" type="stmt" count="0"/>
        <line num="101" type="stmt" count="0"/>
        <line num="102" type="stmt" count="0"/>
        <line num="110" type="method" name="isFile" crap="12" count="0"/>
        <line num="112" type="stmt" count="0"/>
        <line num="113" type="stmt" count="0"/>
        <line num="114" type="stmt" count="0"/>
        <line num="115" type="stmt" count="0"/>
        <line num="116" type="stmt" count="0"/>
        <line num="120" type="stmt" count="0"/>
        <line num="122" type="stmt" count="0"/>
        <line num="123" type="stmt" count="0"/>
        <line num="130" type="method" name="getDate" crap="2" count="0"/>
        <line num="132" type="stmt" count="0"/>
        <line num="140" type="method" name="getType" crap="12" count="0"/>
        <line num="142" type="stmt" count="0"/>
        <line num="149" type="method" name="messageFalse" crap="2" count="0"/>
        <line num="151" type="stmt" count="0"/>
        <line num="159" type="method" name="fileNotWritable" crap="2" count="0"/>
        <line num="161" type="stmt" count="0"/>
        <line num="170" type="method" name="validateMessage" crap="6" count="0"/>
        <line num="172" type="stmt" count="0"/>
        <line num="174" type="stmt" count="0"/>
        <line num="176" type="stmt" count="0"/>
        <line num="177" type="stmt" count="0"/>
        <line num="178" type="stmt" count="0"/>
        <line num="180" type="stmt" count="0"/>
        <line num="189" type="method" name="validarHeaders" crap="20" count="0"/>
        <line num="191" type="stmt" count="0"/>
        <line num="193" type="stmt" count="0"/>
        <line num="194" type="stmt" count="0"/>
        <line num="195" type="stmt" count="0"/>
        <line num="196" type="stmt" count="0"/>
        <line num="199" type="stmt" count="0"/>
        <line num="201" type="stmt" count="0"/>
        <line num="202" type="stmt" count="0"/>
        <line num="203" type="stmt" count="0"/>
        <line num="204" type="stmt" count="0"/>
        <line num="205" type="stmt" count="0"/>
        <line num="206" type="stmt" count="0"/>
        <line num="207" type="stmt" count="0"/>
        <line num="208" type="stmt" count="0"/>
        <metrics loc="209" ncloc="146" classes="1" methods="10" coveredmethods="0" conditionals="0" coveredconditionals="0" statements="75" coveredstatements="8" elements="85" coveredelements="8"/>
      </file>
    </package>
    <metrics files="7" loc="1123" ncloc="664" classes="7" methods="49" coveredmethods="17" conditionals="0" coveredconditionals="0" statements="297" coveredstatements="156" elements="346" coveredelements="173"/>
  </project>
</coverage>
